<?xml version="1.0" encoding="UTF-8"?>
<testsuite xmlns:xsi="http://www.w3.org/2001/XMLSchema-instance" xsi:noNamespaceSchemaLocation="https://maven.apache.org/surefire/maven-surefire-plugin/xsd/surefire-test-report-3.0.xsd" version="3.0" name="TestSuite" time="173.919" tests="26" errors="0" skipped="0" failures="1">
  <properties>
    <property name="java.specification.version" value="21"/>
    <property name="sun.jnu.encoding" value="UTF-8"/>
    <property name="java.class.path" value="/Users/apple/eclipse-workspace/T1/target/test-classes:/Users/apple/eclipse-workspace/T1/target/classes:/Users/apple/.m2/repository/org/seleniumhq/selenium/selenium-java/4.14.0/selenium-java-4.14.0.jar:/Users/apple/.m2/repository/org/seleniumhq/selenium/selenium-api/4.14.0/selenium-api-4.14.0.jar:/Users/apple/.m2/repository/org/seleniumhq/selenium/selenium-chrome-driver/4.14.0/selenium-chrome-driver-4.14.0.jar:/Users/apple/.m2/repository/com/google/auto/service/auto-service-annotations/1.1.1/auto-service-annotations-1.1.1.jar:/Users/apple/.m2/repository/com/google/guava/guava/32.1.2-jre/guava-32.1.2-jre.jar:/Users/apple/.m2/repository/com/google/guava/failureaccess/1.0.1/failureaccess-1.0.1.jar:/Users/apple/.m2/repository/com/google/guava/listenablefuture/9999.0-empty-to-avoid-conflict-with-guava/listenablefuture-9999.0-empty-to-avoid-conflict-with-guava.jar:/Users/apple/.m2/repository/com/google/code/findbugs/jsr305/3.0.2/jsr305-3.0.2.jar:/Users/apple/.m2/repository/org/checkerframework/checker-qual/3.33.0/checker-qual-3.33.0.jar:/Users/apple/.m2/repository/com/google/errorprone/error_prone_annotations/2.18.0/error_prone_annotations-2.18.0.jar:/Users/apple/.m2/repository/com/google/j2objc/j2objc-annotations/2.8/j2objc-annotations-2.8.jar:/Users/apple/.m2/repository/org/seleniumhq/selenium/selenium-chromium-driver/4.14.0/selenium-chromium-driver-4.14.0.jar:/Users/apple/.m2/repository/org/seleniumhq/selenium/selenium-json/4.14.0/selenium-json-4.14.0.jar:/Users/apple/.m2/repository/org/seleniumhq/selenium/selenium-manager/4.14.0/selenium-manager-4.14.0.jar:/Users/apple/.m2/repository/org/seleniumhq/selenium/selenium-devtools-v116/4.14.0/selenium-devtools-v116-4.14.0.jar:/Users/apple/.m2/repository/org/seleniumhq/selenium/selenium-devtools-v117/4.14.0/selenium-devtools-v117-4.14.0.jar:/Users/apple/.m2/repository/org/seleniumhq/selenium/selenium-devtools-v118/4.14.0/selenium-devtools-v118-4.14.0.jar:/Users/apple/.m2/repository/org/seleniumhq/selenium/selenium-devtools-v85/4.14.0/selenium-devtools-v85-4.14.0.jar:/Users/apple/.m2/repository/org/seleniumhq/selenium/selenium-edge-driver/4.14.0/selenium-edge-driver-4.14.0.jar:/Users/apple/.m2/repository/org/seleniumhq/selenium/selenium-firefox-driver/4.14.0/selenium-firefox-driver-4.14.0.jar:/Users/apple/.m2/repository/org/seleniumhq/selenium/selenium-http/4.14.0/selenium-http-4.14.0.jar:/Users/apple/.m2/repository/dev/failsafe/failsafe/3.3.2/failsafe-3.3.2.jar:/Users/apple/.m2/repository/org/seleniumhq/selenium/selenium-ie-driver/4.14.0/selenium-ie-driver-4.14.0.jar:/Users/apple/.m2/repository/org/seleniumhq/selenium/selenium-remote-driver/4.14.0/selenium-remote-driver-4.14.0.jar:/Users/apple/.m2/repository/io/opentelemetry/opentelemetry-api/1.28.0/opentelemetry-api-1.28.0.jar:/Users/apple/.m2/repository/io/opentelemetry/opentelemetry-context/1.28.0/opentelemetry-context-1.28.0.jar:/Users/apple/.m2/repository/io/opentelemetry/opentelemetry-exporter-logging/1.28.0/opentelemetry-exporter-logging-1.28.0.jar:/Users/apple/.m2/repository/io/opentelemetry/opentelemetry-sdk-metrics/1.28.0/opentelemetry-sdk-metrics-1.28.0.jar:/Users/apple/.m2/repository/io/opentelemetry/opentelemetry-extension-incubator/1.28.0-alpha/opentelemetry-extension-incubator-1.28.0-alpha.jar:/Users/apple/.m2/repository/io/opentelemetry/opentelemetry-sdk-logs/1.28.0/opentelemetry-sdk-logs-1.28.0.jar:/Users/apple/.m2/repository/io/opentelemetry/opentelemetry-sdk-common/1.28.0/opentelemetry-sdk-common-1.28.0.jar:/Users/apple/.m2/repository/io/opentelemetry/opentelemetry-sdk-extension-autoconfigure-spi/1.28.0/opentelemetry-sdk-extension-autoconfigure-spi-1.28.0.jar:/Users/apple/.m2/repository/io/opentelemetry/opentelemetry-sdk-extension-autoconfigure/1.28.0/opentelemetry-sdk-extension-autoconfigure-1.28.0.jar:/Users/apple/.m2/repository/io/opentelemetry/opentelemetry-api-events/1.28.0-alpha/opentelemetry-api-events-1.28.0-alpha.jar:/Users/apple/.m2/repository/io/opentelemetry/opentelemetry-sdk-trace/1.28.0/opentelemetry-sdk-trace-1.28.0.jar:/Users/apple/.m2/repository/io/opentelemetry/opentelemetry-sdk/1.28.0/opentelemetry-sdk-1.28.0.jar:/Users/apple/.m2/repository/io/opentelemetry/opentelemetry-semconv/1.28.0-alpha/opentelemetry-semconv-1.28.0-alpha.jar:/Users/apple/.m2/repository/net/bytebuddy/byte-buddy/1.14.5/byte-buddy-1.14.5.jar:/Users/apple/.m2/repository/org/seleniumhq/selenium/selenium-os/4.14.0/selenium-os-4.14.0.jar:/Users/apple/.m2/repository/org/apache/commons/commons-exec/1.3/commons-exec-1.3.jar:/Users/apple/.m2/repository/org/seleniumhq/selenium/selenium-safari-driver/4.14.0/selenium-safari-driver-4.14.0.jar:/Users/apple/.m2/repository/org/seleniumhq/selenium/selenium-support/4.14.0/selenium-support-4.14.0.jar:/Users/apple/.m2/repository/org/apache/poi/poi-ooxml/5.2.4/poi-ooxml-5.2.4.jar:/Users/apple/.m2/repository/org/apache/poi/poi-ooxml-lite/5.2.4/poi-ooxml-lite-5.2.4.jar:/Users/apple/.m2/repository/org/apache/xmlbeans/xmlbeans/5.1.1/xmlbeans-5.1.1.jar:/Users/apple/.m2/repository/org/apache/commons/commons-compress/1.24.0/commons-compress-1.24.0.jar:/Users/apple/.m2/repository/commons-io/commons-io/2.13.0/commons-io-2.13.0.jar:/Users/apple/.m2/repository/com/github/virtuald/curvesapi/1.08/curvesapi-1.08.jar:/Users/apple/.m2/repository/org/apache/logging/log4j/log4j-api/2.20.0/log4j-api-2.20.0.jar:/Users/apple/.m2/repository/org/apache/commons/commons-collections4/4.4/commons-collections4-4.4.jar:/Users/apple/.m2/repository/org/testng/testng/7.8.0/testng-7.8.0.jar:/Users/apple/.m2/repository/org/slf4j/slf4j-api/1.7.36/slf4j-api-1.7.36.jar:/Users/apple/.m2/repository/com/beust/jcommander/1.82/jcommander-1.82.jar:/Users/apple/.m2/repository/org/webjars/jquery/3.6.1/jquery-3.6.1.jar:/Users/apple/.m2/repository/org/apache/poi/poi/3.17/poi-3.17.jar:/Users/apple/.m2/repository/commons-codec/commons-codec/1.10/commons-codec-1.10.jar:"/>
    <property name="java.vm.vendor" value="Homebrew"/>
    <property name="sun.arch.data.model" value="64"/>
    <property name="java.vendor.url" value="https://github.com/Homebrew/homebrew-core/issues"/>
    <property name="user.timezone" value="Asia/Kolkata"/>
    <property name="os.name" value="Mac OS X"/>
    <property name="java.vm.specification.version" value="21"/>
    <property name="sun.java.launcher" value="SUN_STANDARD"/>
    <property name="user.country" value="GB"/>
    <property name="sun.boot.library.path" value="/usr/local/Cellar/openjdk/21.0.1/libexec/openjdk.jdk/Contents/Home/lib"/>
    <property name="sun.java.command" value="/Users/apple/eclipse-workspace/T1/target/surefire/surefirebooter-20231108140318184_3.jar /Users/apple/eclipse-workspace/T1/target/surefire 2023-11-08T14-03-17_774-jvmRun1 surefire-20231108140318184_1tmp surefire_0-20231108140318184_2tmp"/>
    <property name="http.nonProxyHosts" value="local|*.local|169.254/16|*.169.254/16"/>
    <property name="jdk.debug" value="release"/>
    <property name="surefire.test.class.path" value="/Users/apple/eclipse-workspace/T1/target/test-classes:/Users/apple/eclipse-workspace/T1/target/classes:/Users/apple/.m2/repository/org/seleniumhq/selenium/selenium-java/4.14.0/selenium-java-4.14.0.jar:/Users/apple/.m2/repository/org/seleniumhq/selenium/selenium-api/4.14.0/selenium-api-4.14.0.jar:/Users/apple/.m2/repository/org/seleniumhq/selenium/selenium-chrome-driver/4.14.0/selenium-chrome-driver-4.14.0.jar:/Users/apple/.m2/repository/com/google/auto/service/auto-service-annotations/1.1.1/auto-service-annotations-1.1.1.jar:/Users/apple/.m2/repository/com/google/guava/guava/32.1.2-jre/guava-32.1.2-jre.jar:/Users/apple/.m2/repository/com/google/guava/failureaccess/1.0.1/failureaccess-1.0.1.jar:/Users/apple/.m2/repository/com/google/guava/listenablefuture/9999.0-empty-to-avoid-conflict-with-guava/listenablefuture-9999.0-empty-to-avoid-conflict-with-guava.jar:/Users/apple/.m2/repository/com/google/code/findbugs/jsr305/3.0.2/jsr305-3.0.2.jar:/Users/apple/.m2/repository/org/checkerframework/checker-qual/3.33.0/checker-qual-3.33.0.jar:/Users/apple/.m2/repository/com/google/errorprone/error_prone_annotations/2.18.0/error_prone_annotations-2.18.0.jar:/Users/apple/.m2/repository/com/google/j2objc/j2objc-annotations/2.8/j2objc-annotations-2.8.jar:/Users/apple/.m2/repository/org/seleniumhq/selenium/selenium-chromium-driver/4.14.0/selenium-chromium-driver-4.14.0.jar:/Users/apple/.m2/repository/org/seleniumhq/selenium/selenium-json/4.14.0/selenium-json-4.14.0.jar:/Users/apple/.m2/repository/org/seleniumhq/selenium/selenium-manager/4.14.0/selenium-manager-4.14.0.jar:/Users/apple/.m2/repository/org/seleniumhq/selenium/selenium-devtools-v116/4.14.0/selenium-devtools-v116-4.14.0.jar:/Users/apple/.m2/repository/org/seleniumhq/selenium/selenium-devtools-v117/4.14.0/selenium-devtools-v117-4.14.0.jar:/Users/apple/.m2/repository/org/seleniumhq/selenium/selenium-devtools-v118/4.14.0/selenium-devtools-v118-4.14.0.jar:/Users/apple/.m2/repository/org/seleniumhq/selenium/selenium-devtools-v85/4.14.0/selenium-devtools-v85-4.14.0.jar:/Users/apple/.m2/repository/org/seleniumhq/selenium/selenium-edge-driver/4.14.0/selenium-edge-driver-4.14.0.jar:/Users/apple/.m2/repository/org/seleniumhq/selenium/selenium-firefox-driver/4.14.0/selenium-firefox-driver-4.14.0.jar:/Users/apple/.m2/repository/org/seleniumhq/selenium/selenium-http/4.14.0/selenium-http-4.14.0.jar:/Users/apple/.m2/repository/dev/failsafe/failsafe/3.3.2/failsafe-3.3.2.jar:/Users/apple/.m2/repository/org/seleniumhq/selenium/selenium-ie-driver/4.14.0/selenium-ie-driver-4.14.0.jar:/Users/apple/.m2/repository/org/seleniumhq/selenium/selenium-remote-driver/4.14.0/selenium-remote-driver-4.14.0.jar:/Users/apple/.m2/repository/io/opentelemetry/opentelemetry-api/1.28.0/opentelemetry-api-1.28.0.jar:/Users/apple/.m2/repository/io/opentelemetry/opentelemetry-context/1.28.0/opentelemetry-context-1.28.0.jar:/Users/apple/.m2/repository/io/opentelemetry/opentelemetry-exporter-logging/1.28.0/opentelemetry-exporter-logging-1.28.0.jar:/Users/apple/.m2/repository/io/opentelemetry/opentelemetry-sdk-metrics/1.28.0/opentelemetry-sdk-metrics-1.28.0.jar:/Users/apple/.m2/repository/io/opentelemetry/opentelemetry-extension-incubator/1.28.0-alpha/opentelemetry-extension-incubator-1.28.0-alpha.jar:/Users/apple/.m2/repository/io/opentelemetry/opentelemetry-sdk-logs/1.28.0/opentelemetry-sdk-logs-1.28.0.jar:/Users/apple/.m2/repository/io/opentelemetry/opentelemetry-sdk-common/1.28.0/opentelemetry-sdk-common-1.28.0.jar:/Users/apple/.m2/repository/io/opentelemetry/opentelemetry-sdk-extension-autoconfigure-spi/1.28.0/opentelemetry-sdk-extension-autoconfigure-spi-1.28.0.jar:/Users/apple/.m2/repository/io/opentelemetry/opentelemetry-sdk-extension-autoconfigure/1.28.0/opentelemetry-sdk-extension-autoconfigure-1.28.0.jar:/Users/apple/.m2/repository/io/opentelemetry/opentelemetry-api-events/1.28.0-alpha/opentelemetry-api-events-1.28.0-alpha.jar:/Users/apple/.m2/repository/io/opentelemetry/opentelemetry-sdk-trace/1.28.0/opentelemetry-sdk-trace-1.28.0.jar:/Users/apple/.m2/repository/io/opentelemetry/opentelemetry-sdk/1.28.0/opentelemetry-sdk-1.28.0.jar:/Users/apple/.m2/repository/io/opentelemetry/opentelemetry-semconv/1.28.0-alpha/opentelemetry-semconv-1.28.0-alpha.jar:/Users/apple/.m2/repository/net/bytebuddy/byte-buddy/1.14.5/byte-buddy-1.14.5.jar:/Users/apple/.m2/repository/org/seleniumhq/selenium/selenium-os/4.14.0/selenium-os-4.14.0.jar:/Users/apple/.m2/repository/org/apache/commons/commons-exec/1.3/commons-exec-1.3.jar:/Users/apple/.m2/repository/org/seleniumhq/selenium/selenium-safari-driver/4.14.0/selenium-safari-driver-4.14.0.jar:/Users/apple/.m2/repository/org/seleniumhq/selenium/selenium-support/4.14.0/selenium-support-4.14.0.jar:/Users/apple/.m2/repository/org/apache/poi/poi-ooxml/5.2.4/poi-ooxml-5.2.4.jar:/Users/apple/.m2/repository/org/apache/poi/poi-ooxml-lite/5.2.4/poi-ooxml-lite-5.2.4.jar:/Users/apple/.m2/repository/org/apache/xmlbeans/xmlbeans/5.1.1/xmlbeans-5.1.1.jar:/Users/apple/.m2/repository/org/apache/commons/commons-compress/1.24.0/commons-compress-1.24.0.jar:/Users/apple/.m2/repository/commons-io/commons-io/2.13.0/commons-io-2.13.0.jar:/Users/apple/.m2/repository/com/github/virtuald/curvesapi/1.08/curvesapi-1.08.jar:/Users/apple/.m2/repository/org/apache/logging/log4j/log4j-api/2.20.0/log4j-api-2.20.0.jar:/Users/apple/.m2/repository/org/apache/commons/commons-collections4/4.4/commons-collections4-4.4.jar:/Users/apple/.m2/repository/org/testng/testng/7.8.0/testng-7.8.0.jar:/Users/apple/.m2/repository/org/slf4j/slf4j-api/1.7.36/slf4j-api-1.7.36.jar:/Users/apple/.m2/repository/com/beust/jcommander/1.82/jcommander-1.82.jar:/Users/apple/.m2/repository/org/webjars/jquery/3.6.1/jquery-3.6.1.jar:/Users/apple/.m2/repository/org/apache/poi/poi/3.17/poi-3.17.jar:/Users/apple/.m2/repository/commons-codec/commons-codec/1.10/commons-codec-1.10.jar:"/>
    <property name="sun.cpu.endian" value="little"/>
    <property name="user.home" value="/Users/apple"/>
    <property name="user.language" value="en"/>
    <property name="java.specification.vendor" value="Oracle Corporation"/>
    <property name="java.version.date" value="2023-10-17"/>
    <property name="java.home" value="/usr/local/Cellar/openjdk/21.0.1/libexec/openjdk.jdk/Contents/Home"/>
    <property name="file.separator" value="/"/>
    <property name="basedir" value="/Users/apple/eclipse-workspace/T1"/>
    <property name="java.vm.compressedOopsMode" value="Zero based"/>
    <property name="line.separator" value="&#10;"/>
    <property name="java.vm.specification.vendor" value="Oracle Corporation"/>
    <property name="java.specification.name" value="Java Platform API Specification"/>
    <property name="apple.awt.application.name" value="ForkedBooter"/>
    <property name="surefire.real.class.path" value="/Users/apple/eclipse-workspace/T1/target/surefire/surefirebooter-20231108140318184_3.jar"/>
    <property name="sun.management.compiler" value="HotSpot 64-Bit Tiered Compilers"/>
    <property name="ftp.nonProxyHosts" value="local|*.local|169.254/16|*.169.254/16"/>
    <property name="java.runtime.version" value="21.0.1"/>
    <property name="user.name" value="apple"/>
    <property name="stdout.encoding" value="UTF-8"/>
    <property name="path.separator" value=":"/>
    <property name="os.version" value="12.7.1"/>
    <property name="java.runtime.name" value="OpenJDK Runtime Environment"/>
    <property name="file.encoding" value="UTF-8"/>
    <property name="java.vm.name" value="OpenJDK 64-Bit Server VM"/>
    <property name="java.vendor.version" value="Homebrew"/>
    <property name="localRepository" value="/Users/apple/.m2/repository"/>
    <property name="java.vendor.url.bug" value="https://github.com/Homebrew/homebrew-core/issues"/>
    <property name="java.io.tmpdir" value="/var/folders/42/xlw21rms3nd0wnwjvc77gdb40000gn/T/"/>
    <property name="java.version" value="21.0.1"/>
    <property name="user.dir" value="/Users/apple/eclipse-workspace/T1"/>
    <property name="os.arch" value="x86_64"/>
    <property name="java.vm.specification.name" value="Java Virtual Machine Specification"/>
    <property name="native.encoding" value="UTF-8"/>
    <property name="java.library.path" value="/Users/apple/Library/Java/Extensions:/Library/Java/Extensions:/Network/Library/Java/Extensions:/System/Library/Java/Extensions:/usr/lib/java:."/>
    <property name="java.vm.info" value="mixed mode, sharing"/>
    <property name="stderr.encoding" value="UTF-8"/>
    <property name="java.vendor" value="Homebrew"/>
    <property name="java.vm.version" value="21.0.1"/>
    <property name="Webdriver.chrome.driver" value="//Users//apple//Downloads//chrome-mac-arm64.exe"/>
    <property name="sun.io.unicode.encoding" value="UnicodeBig"/>
    <property name="socksNonProxyHosts" value="local|*.local|169.254/16|*.169.254/16"/>
    <property name="java.class.version" value="65.0"/>
  </properties>
  <testcase name="setup" classname="KSRTC_Functionality.KSRTC_Login" time="24.52">
    <system-err><![CDATA[SLF4J: Failed to load class "org.slf4j.impl.StaticLoggerBinder".
SLF4J: Defaulting to no-operation (NOP) logger implementation
SLF4J: See http://www.slf4j.org/codes.html#StaticLoggerBinder for further details.
Nov 08, 2023 2:03:24 PM org.openqa.selenium.devtools.CdpVersionFinder findNearestMatch
WARNING: Unable to find an exact match for CDP version 119, returning the closest version; found: 118; Please update to a Selenium version that supports CDP version 119
]]></system-err>
  </testcase>
  <testcase name="login" classname="KSRTC_Functionality.KSRTC_Login" time="1.204"/>
  <testcase name="setup" classname="TestLeaf.Frames" time="4.406">
    <system-err><![CDATA[Nov 08, 2023 2:03:53 PM org.openqa.selenium.devtools.CdpVersionFinder findNearestMatch
WARNING: Unable to find an exact match for CDP version 119, returning the closest version; found: 118; Please update to a Selenium version that supports CDP version 119
]]></system-err>
  </testcase>
  <testcase name="frame1" classname="TestLeaf.Frames" time="0.235"/>
  <testcase name="frame2" classname="TestLeaf.Frames" time="0.288"/>
  <testcase name="frame3" classname="TestLeaf.Frames" time="0.047">
    <system-out><![CDATA[1
]]></system-out>
  </testcase>
  <testcase name="closebrowser" classname="TestLeaf.Frames" time="0.241"/>
  <testcase name="setup" classname="TestLeaf.Authentication" time="4.739">
    <system-err><![CDATA[Nov 08, 2023 2:04:03 PM org.openqa.selenium.devtools.CdpVersionFinder findNearestMatch
WARNING: Unable to find an exact match for CDP version 119, returning the closest version; found: 118; Please update to a Selenium version that supports CDP version 119
]]></system-err>
  </testcase>
  <testcase name="aut" classname="TestLeaf.Authentication" time="7.164">
    <system-out><![CDATA[Link opened
]]></system-out>
  </testcase>
  <testcase name="closebrowser" classname="TestLeaf.Authentication" time="0.312"/>
  <testcase name="setup" classname="TestLeaf.Alert" time="3.999">
    <system-err><![CDATA[Nov 08, 2023 2:04:20 PM org.openqa.selenium.devtools.CdpVersionFinder findNearestMatch
WARNING: Unable to find an exact match for CDP version 119, returning the closest version; found: 118; Please update to a Selenium version that supports CDP version 119
]]></system-err>
  </testcase>
  <testcase name="simplealert" classname="TestLeaf.Alert" time="12.956"/>
  <testcase name="closebrowser" classname="TestLeaf.Alert" time="0.213"/>
  <testcase name="setup" classname="TestLeaf.TextBox" time="4.382">
    <system-err><![CDATA[Nov 08, 2023 2:04:42 PM org.openqa.selenium.devtools.CdpVersionFinder findNearestMatch
WARNING: Unable to find an exact match for CDP version 119, returning the closest version; found: 118; Please update to a Selenium version that supports CDP version 119
]]></system-err>
  </testcase>
  <testcase name="textbox" classname="TestLeaf.TextBox" time="1.995">
    <system-out><![CDATA[Disabled

]]></system-out>
  </testcase>
  <testcase name="closebrowser" classname="TestLeaf.TextBox" time="0.161"/>
  <testcase name="window1" classname="TestLeaf.Window" time="8.089">
    <system-out><![CDATA[Window
]]></system-out>
    <system-err><![CDATA[Nov 08, 2023 2:04:53 PM org.openqa.selenium.devtools.CdpVersionFinder findNearestMatch
WARNING: Unable to find an exact match for CDP version 119, returning the closest version; found: 118; Please update to a Selenium version that supports CDP version 119
]]></system-err>
  </testcase>
  <testcase name="window3" classname="TestLeaf.Window" time="1.92">
    <system-out><![CDATA[1
]]></system-out>
  </testcase>
  <testcase name="b1" classname="TestLeaf.Button" time="3.876">
    <system-err><![CDATA[Nov 08, 2023 2:05:13 PM org.openqa.selenium.devtools.CdpVersionFinder findNearestMatch
WARNING: Unable to find an exact match for CDP version 119, returning the closest version; found: 118; Please update to a Selenium version that supports CDP version 119
]]></system-err>
  </testcase>
  <testcase name="button" classname="TestLeaf.Button" time="6.248">
    <system-out><![CDATA[title is Button
false
(87, 34)
rgba(255, 255, 255, 1)
rgba(255, 255, 255, 1)
color changed
total button is 1
]]></system-out>
  </testcase>
  <testcase name="closebrowser" classname="TestLeaf.Button" time="0.17"/>
  <testcase name="b1" classname="TestLeaf.Draggable" time="3.82">
    <system-err><![CDATA[Nov 08, 2023 2:05:28 PM org.openqa.selenium.devtools.CdpVersionFinder findNearestMatch
WARNING: Unable to find an exact match for CDP version 119, returning the closest version; found: 118; Please update to a Selenium version that supports CDP version 119
]]></system-err>
  </testcase>
  <testcase name="drag1" classname="TestLeaf.Draggable" time="6.746"/>
  <testcase name="closebrowser" classname="TestLeaf.Draggable" time="0.209"/>
  <testcase name="setup" classname="ToolsQA.Elements" time="23.693">
    <system-err><![CDATA[Nov 08, 2023 2:05:44 PM org.openqa.selenium.devtools.CdpVersionFinder findNearestMatch
WARNING: Unable to find an exact match for CDP version 119, returning the closest version; found: 118; Please update to a Selenium version that supports CDP version 119
]]></system-err>
  </testcase>
  <testcase name="Elements1" classname="ToolsQA.Elements" time="1.179">
    <failure message="element click intercepted: Element &lt;div class=&quot;card mt-4 top-card&quot;&gt;...&lt;/div&gt; is not clickable at point (148, 555). Other element would receive the click: &lt;div id=&quot;fixedban&quot; style=&quot;width:100%;margin:auto;text-align:center;float:none;overflow:hidden;display:scroll;position:fixed;bottom:0;z-index:9999999&quot;&gt;...&lt;/div&gt;&#10;  (Session info: chrome=119.0.6045.105)&#10;Build info: version: &apos;4.14.0&apos;, revision: &apos;e5a96349ce&apos;&#10;System info: os.name: &apos;Mac OS X&apos;, os.arch: &apos;x86_64&apos;, os.version: &apos;12.7.1&apos;, java.version: &apos;21.0.1&apos;&#10;Driver info: org.openqa.selenium.chrome.ChromeDriver&#10;Command: [3bc5d25067de3dd7d53234d26fbbed66, clickElement {id=85CFA0EB2EA1F30EA2E8BC703D47E798_element_7}]&#10;Capabilities {acceptInsecureCerts: false, browserName: chrome, browserVersion: 119.0.6045.105, chrome: {chromedriverVersion: 119.0.6045.105 (38c72552c5e..., userDataDir: /var/folders/42/xlw21rms3nd...}, fedcm:accounts: true, goog:chromeOptions: {debuggerAddress: localhost:50504}, networkConnectionEnabled: false, pageLoadStrategy: normal, platformName: mac, proxy: Proxy(), se:cdp: ws://localhost:50504/devtoo..., se:cdpVersion: 119.0.6045.105, setWindowRect: true, strictFileInteractability: false, timeouts: {implicit: 0, pageLoad: 300000, script: 30000}, unhandledPromptBehavior: dismiss and notify, webauthn:extension:credBlob: true, webauthn:extension:largeBlob: true, webauthn:extension:minPinLength: true, webauthn:extension:prf: true, webauthn:virtualAuthenticators: true}&#10;Element: [[ChromeDriver: chrome on mac (3bc5d25067de3dd7d53234d26fbbed66)] -&gt; xpath: //*[@id=&quot;app&quot;]/div/div/div[2]/div/div[1]]&#10;Session ID: 3bc5d25067de3dd7d53234d26fbbed66" type="org.openqa.selenium.ElementClickInterceptedException"><![CDATA[org.openqa.selenium.ElementClickInterceptedException: 
element click intercepted: Element <div class="card mt-4 top-card">...</div> is not clickable at point (148, 555). Other element would receive the click: <div id="fixedban" style="width:100%;margin:auto;text-align:center;float:none;overflow:hidden;display:scroll;position:fixed;bottom:0;z-index:9999999">...</div>
  (Session info: chrome=119.0.6045.105)
Build info: version: '4.14.0', revision: 'e5a96349ce'
System info: os.name: 'Mac OS X', os.arch: 'x86_64', os.version: '12.7.1', java.version: '21.0.1'
Driver info: org.openqa.selenium.chrome.ChromeDriver
Command: [3bc5d25067de3dd7d53234d26fbbed66, clickElement {id=85CFA0EB2EA1F30EA2E8BC703D47E798_element_7}]
Capabilities {acceptInsecureCerts: false, browserName: chrome, browserVersion: 119.0.6045.105, chrome: {chromedriverVersion: 119.0.6045.105 (38c72552c5e..., userDataDir: /var/folders/42/xlw21rms3nd...}, fedcm:accounts: true, goog:chromeOptions: {debuggerAddress: localhost:50504}, networkConnectionEnabled: false, pageLoadStrategy: normal, platformName: mac, proxy: Proxy(), se:cdp: ws://localhost:50504/devtoo..., se:cdpVersion: 119.0.6045.105, setWindowRect: true, strictFileInteractability: false, timeouts: {implicit: 0, pageLoad: 300000, script: 30000}, unhandledPromptBehavior: dismiss and notify, webauthn:extension:credBlob: true, webauthn:extension:largeBlob: true, webauthn:extension:minPinLength: true, webauthn:extension:prf: true, webauthn:virtualAuthenticators: true}
Element: [[ChromeDriver: chrome on mac (3bc5d25067de3dd7d53234d26fbbed66)] -> xpath: //*[@id="app"]/div/div/div[2]/div/div[1]]
Session ID: 3bc5d25067de3dd7d53234d26fbbed66
	at java.base/jdk.internal.reflect.DirectConstructorHandleAccessor.newInstance(DirectConstructorHandleAccessor.java:62)
	at java.base/java.lang.reflect.Constructor.newInstanceWithCaller(Constructor.java:502)
	at java.base/java.lang.reflect.Constructor.newInstance(Constructor.java:486)
	at org.openqa.selenium.remote.codec.w3c.W3CHttpResponseCodec.createException(W3CHttpResponseCodec.java:200)
	at org.openqa.selenium.remote.codec.w3c.W3CHttpResponseCodec.decode(W3CHttpResponseCodec.java:133)
	at org.openqa.selenium.remote.codec.w3c.W3CHttpResponseCodec.decode(W3CHttpResponseCodec.java:52)
	at org.openqa.selenium.remote.HttpCommandExecutor.execute(HttpCommandExecutor.java:191)
	at org.openqa.selenium.remote.service.DriverCommandExecutor.invokeExecute(DriverCommandExecutor.java:196)
	at org.openqa.selenium.remote.service.DriverCommandExecutor.execute(DriverCommandExecutor.java:171)
	at org.openqa.selenium.remote.RemoteWebDriver.execute(RemoteWebDriver.java:602)
	at org.openqa.selenium.remote.RemoteWebElement.execute(RemoteWebElement.java:224)
	at org.openqa.selenium.remote.RemoteWebElement.click(RemoteWebElement.java:77)
	at ToolsQA.Elements.Elements1(Elements.java:29)
	at java.base/jdk.internal.reflect.DirectMethodHandleAccessor.invoke(DirectMethodHandleAccessor.java:103)
	at java.base/java.lang.reflect.Method.invoke(Method.java:580)
	at org.testng.internal.invokers.MethodInvocationHelper.invokeMethod(MethodInvocationHelper.java:139)
	at org.testng.internal.invokers.TestInvoker.invokeMethod(TestInvoker.java:664)
	at org.testng.internal.invokers.TestInvoker.invokeTestMethod(TestInvoker.java:227)
	at org.testng.internal.invokers.MethodRunner.runInSequence(MethodRunner.java:50)
	at org.testng.internal.invokers.TestInvoker$MethodInvocationAgent.invoke(TestInvoker.java:957)
	at org.testng.internal.invokers.TestInvoker.invokeTestMethods(TestInvoker.java:200)
	at org.testng.internal.invokers.TestMethodWorker.invokeTestMethods(TestMethodWorker.java:148)
	at org.testng.internal.invokers.TestMethodWorker.run(TestMethodWorker.java:128)
	at java.base/java.util.ArrayList.forEach(ArrayList.java:1596)
	at org.testng.TestRunner.privateRun(TestRunner.java:848)
	at org.testng.TestRunner.run(TestRunner.java:621)
	at org.testng.SuiteRunner.runTest(SuiteRunner.java:443)
	at org.testng.SuiteRunner.runSequentially(SuiteRunner.java:437)
	at org.testng.SuiteRunner.privateRun(SuiteRunner.java:397)
	at org.testng.SuiteRunner.run(SuiteRunner.java:336)
	at org.testng.SuiteRunnerWorker.runSuite(SuiteRunnerWorker.java:52)
	at org.testng.SuiteRunnerWorker.run(SuiteRunnerWorker.java:95)
	at org.testng.TestNG.runSuitesSequentially(TestNG.java:1280)
	at org.testng.TestNG.runSuitesLocally(TestNG.java:1200)
	at org.testng.TestNG.runSuites(TestNG.java:1114)
	at org.testng.TestNG.run(TestNG.java:1082)
	at org.apache.maven.surefire.testng.TestNGExecutor.run(TestNGExecutor.java:308)
	at org.apache.maven.surefire.testng.TestNGXmlTestSuite.execute(TestNGXmlTestSuite.java:71)
	at org.apache.maven.surefire.testng.TestNGProvider.invoke(TestNGProvider.java:113)
	at org.apache.maven.surefire.booter.ForkedBooter.runSuitesInProcess(ForkedBooter.java:385)
	at org.apache.maven.surefire.booter.ForkedBooter.execute(ForkedBooter.java:162)
	at org.apache.maven.surefire.booter.ForkedBooter.run(ForkedBooter.java:507)
	at org.apache.maven.surefire.booter.ForkedBooter.main(ForkedBooter.java:495)
]]></failure>
  </testcase>
</testsuite>