<?xml version="1.0" encoding="UTF-8"?>
<!-- Generated by org.testng.reporters.JUnitReportReporter -->
<testsuite hostname="apples-MacBook-Air.local" failures="0" tests="3" name="TestLeaf.TextBox" time="6.458" errors="0" timestamp="2023-10-30T10:44:29 IST" skipped="0">
  <testcase classname="TestLeaf.TextBox" name="setup" time="3.993"/>
  <system-out/>
  <testcase classname="TestLeaf.TextBox" name="textbox" time="2.154"/>
  <system-out/>
  <testcase classname="TestLeaf.TextBox" name="closebrowser" time="0.311"/>
  <system-out/>
</testsuite> <!-- TestLeaf.TextBox -->
