<?xml version="1.0" encoding="UTF-8"?>
<!-- Generated by org.testng.reporters.JUnitReportReporter -->
<testsuite hostname="apples-MacBook-Air.local" failures="0" tests="3" name="TestLeaf.Draggable" time="11.198" errors="0" timestamp="2023-10-30T10:44:29 IST" skipped="0">
  <testcase classname="TestLeaf.Draggable" name="b1" time="4.176"/>
  <system-out/>
  <testcase classname="TestLeaf.Draggable" name="closebrowser" time="0.222"/>
  <system-out/>
  <testcase classname="TestLeaf.Draggable" name="drag1" time="6.800"/>
  <system-out/>
</testsuite> <!-- TestLeaf.Draggable -->
