<?xml version="1.0" encoding="UTF-8"?>
<!-- Generated by org.testng.reporters.JUnitReportReporter -->
<testsuite hostname="apples-MacBook-Air.local" failures="0" tests="2" name="KSRTC_Functionality.KSRTC_Login" time="23.085" errors="0" timestamp="2023-11-01T12:11:35 IST" skipped="0">
  <testcase classname="KSRTC_Functionality.KSRTC_Login" name="login" time="1.395"/>
  <system-out/>
  <testcase classname="KSRTC_Functionality.KSRTC_Login" name="setup" time="21.690"/>
  <system-out/>
</testsuite> <!-- KSRTC_Functionality.KSRTC_Login -->
