<?xml version="1.0" encoding="UTF-8"?>
<!-- Generated by org.testng.reporters.JUnitReportReporter -->
<testsuite hostname="apples-MacBook-Air.local" failures="0" tests="3" name="TestLeaf.Alert" time="16.762" errors="0" timestamp="2023-10-30T10:44:29 IST" skipped="0">
  <testcase classname="TestLeaf.Alert" name="simplealert" time="12.871"/>
  <system-out/>
  <testcase classname="TestLeaf.Alert" name="closebrowser" time="0.185"/>
  <system-out/>
  <testcase classname="TestLeaf.Alert" name="setup" time="3.706"/>
  <system-out/>
</testsuite> <!-- TestLeaf.Alert -->
