<?xml version="1.0" encoding="UTF-8"?>
<!-- Generated by org.testng.reporters.JUnitReportReporter -->
<testsuite hostname="apples-MacBook-Air.local" failures="0" tests="5" name="TestLeaf.Frames" time="11.183" errors="0" timestamp="2023-10-30T10:44:29 IST" skipped="0">
  <testcase classname="TestLeaf.Frames" name="frame2" time="0.236"/>
  <system-out/>
  <testcase classname="TestLeaf.Frames" name="setup" time="10.463"/>
  <system-out/>
  <testcase classname="TestLeaf.Frames" name="frame1" time="0.195"/>
  <system-out/>
  <testcase classname="TestLeaf.Frames" name="frame3" time="0.062"/>
  <system-out/>
  <testcase classname="TestLeaf.Frames" name="closebrowser" time="0.227"/>
  <system-out/>
</testsuite> <!-- TestLeaf.Frames -->
