<?xml version="1.0" encoding="UTF-8"?>
<!-- Generated by org.testng.reporters.JUnitReportReporter -->
<testsuite hostname="apples-MacBook-Air.local" failures="0" tests="3" name="TestLeaf.Authentication" time="11.525" errors="0" timestamp="2023-10-30T10:44:29 IST" skipped="0">
  <testcase classname="TestLeaf.Authentication" name="closebrowser" time="0.246"/>
  <system-out/>
  <testcase classname="TestLeaf.Authentication" name="aut" time="6.922"/>
  <system-out/>
  <testcase classname="TestLeaf.Authentication" name="setup" time="4.357"/>
  <system-out/>
</testsuite> <!-- TestLeaf.Authentication -->
