<?xml version="1.0" encoding="UTF-8"?>
<!-- Generated by org.testng.reporters.JUnitReportReporter -->
<testsuite hostname="apples-MacBook-Air.local" failures="0" tests="2" name="TestLeaf.Window" time="12.984" errors="0" timestamp="2023-10-30T10:44:29 IST" skipped="0">
  <testcase classname="TestLeaf.Window" name="window1" time="11.423"/>
  <system-out/>
  <testcase classname="TestLeaf.Window" name="window3" time="1.561"/>
  <system-out/>
</testsuite> <!-- TestLeaf.Window -->
