<?xml version="1.0" encoding="UTF-8"?>
<!-- Generated by org.testng.reporters.JUnitReportReporter -->
<testsuite hostname="apples-MacBook-Air.local" failures="0" tests="3" name="TestLeaf.Button" time="10.129" errors="0" timestamp="2023-10-30T10:44:29 IST" skipped="0">
  <testcase classname="TestLeaf.Button" name="b1" time="3.650"/>
  <system-out/>
  <testcase classname="TestLeaf.Button" name="button" time="6.245"/>
  <system-out/>
  <testcase classname="TestLeaf.Button" name="closebrowser" time="0.234"/>
  <system-out/>
</testsuite> <!-- TestLeaf.Button -->
