<?xml version="1.0" encoding="UTF-8"?>
<!-- Generated by org.testng.reporters.JUnitReportReporter -->
<testsuite hostname="apples-MacBook-Air.local" failures="0" tests="3" name="TestLeaf.Authentication" time="12.203" errors="0" timestamp="2023-11-08T14:06:12 IST" skipped="0">
  <testcase classname="TestLeaf.Authentication" name="closebrowser" time="0.302"/>
  <testcase classname="TestLeaf.Authentication" name="setup" time="4.738"/>
  <testcase classname="TestLeaf.Authentication" name="aut" time="7.163"/>
</testsuite> <!-- TestLeaf.Authentication -->
