<?xml version="1.0" encoding="UTF-8"?>
<!-- Generated by org.testng.reporters.JUnitReportReporter -->
<testsuite hostname="apples-MacBook-Air.local" failures="0" tests="2" name="TestLeaf.Window" time="10.010" errors="0" timestamp="2023-11-08T14:06:12 IST" skipped="0">
  <testcase classname="TestLeaf.Window" name="window1" time="8.090"/>
  <testcase classname="TestLeaf.Window" name="window3" time="1.920"/>
</testsuite> <!-- TestLeaf.Window -->
