<?xml version="1.0" encoding="UTF-8"?>
<!-- Generated by org.testng.reporters.JUnitReportReporter -->
<testsuite hostname="apples-MacBook-Air.local" failures="0" tests="3" name="TestLeaf.TextBox" time="6.538" errors="0" timestamp="2023-11-08T14:06:12 IST" skipped="0">
  <testcase classname="TestLeaf.TextBox" name="setup" time="4.382"/>
  <testcase classname="TestLeaf.TextBox" name="closebrowser" time="0.161"/>
  <testcase classname="TestLeaf.TextBox" name="textbox" time="1.995"/>
</testsuite> <!-- TestLeaf.TextBox -->
