<?xml version="1.0" encoding="UTF-8"?>
<!-- Generated by org.testng.reporters.JUnitReportReporter -->
<testsuite hostname="apples-MacBook-Air.local" failures="0" tests="3" name="TestLeaf.Button" time="10.289" errors="0" timestamp="2023-11-08T14:06:12 IST" skipped="0">
  <testcase classname="TestLeaf.Button" name="b1" time="3.872"/>
  <testcase classname="TestLeaf.Button" name="button" time="6.247"/>
  <testcase classname="TestLeaf.Button" name="closebrowser" time="0.170"/>
</testsuite> <!-- TestLeaf.Button -->
