<?xml version="1.0" encoding="UTF-8"?>
<!-- Generated by org.testng.reporters.JUnitReportReporter -->
<testsuite hostname="apples-MacBook-Air.local" failures="0" tests="3" name="TestLeaf.Alert" time="17.174" errors="0" timestamp="2023-11-08T14:06:12 IST" skipped="0">
  <testcase classname="TestLeaf.Alert" name="setup" time="4.006"/>
  <testcase classname="TestLeaf.Alert" name="simplealert" time="12.956"/>
  <testcase classname="TestLeaf.Alert" name="closebrowser" time="0.212"/>
</testsuite> <!-- TestLeaf.Alert -->
