<?xml version="1.0" encoding="UTF-8"?>
<!-- Generated by org.testng.reporters.JUnitReportReporter -->
<testsuite hostname="apples-MacBook-Air.local" failures="0" tests="2" name="KSRTC_Functionality.KSRTC_Login" time="25.721" errors="0" timestamp="2023-11-08T14:06:12 IST" skipped="0">
  <testcase classname="KSRTC_Functionality.KSRTC_Login" name="login" time="1.203"/>
  <testcase classname="KSRTC_Functionality.KSRTC_Login" name="setup" time="24.518"/>
</testsuite> <!-- KSRTC_Functionality.KSRTC_Login -->
