<?xml version="1.0" encoding="UTF-8"?>
<!-- Generated by org.testng.reporters.JUnitReportReporter -->
<testsuite hostname="apples-MacBook-Air.local" failures="0" tests="3" name="TestLeaf.Draggable" time="10.778" errors="0" timestamp="2023-11-08T14:06:12 IST" skipped="0">
  <testcase classname="TestLeaf.Draggable" name="b1" time="3.822"/>
  <testcase classname="TestLeaf.Draggable" name="closebrowser" time="0.210"/>
  <testcase classname="TestLeaf.Draggable" name="drag1" time="6.746"/>
</testsuite> <!-- TestLeaf.Draggable -->
